{
  "stats": {
    "suites": 3,
    "tests": 3,
    "passes": 3,
    "pending": 0,
    "failures": 0,
    "start": "2022-11-21T15:19:41.800Z",
    "end": "2022-11-21T15:19:44.623Z",
    "duration": 2823,
    "testsRegistered": 3,
    "passPercent": 100,
    "pendingPercent": 0,
    "other": 0,
    "hasOther": false,
    "skipped": 0,
    "hasSkipped": false
  },
  "results": [
    {
      "uuid": "46d003c2-49f3-4afe-b4bc-a74a21a427a5",
      "title": "",
      "fullFile": "",
      "file": "",
      "beforeHooks": [],
      "afterHooks": [],
      "tests": [],
      "suites": [
        {
          "uuid": "fdf6111e-1b37-4a97-a179-fef324e230cb",
          "title": "POST/users",
          "fullFile": "D:\\API Automation Learning\\api\\test\\createUser.js",
          "file": "\\api\\test\\createUser.js",
          "beforeHooks": [],
          "afterHooks": [],
          "tests": [
            {
              "title": "create new user",
              "fullTitle": "POST/users create new user",
              "timedOut": false,
              "duration": 1287,
              "state": "passed",
              "speed": "slow",
              "pass": true,
              "fail": false,
              "pending": false,
              "context": null,
              "code": "const response = await request\n.post(\"/users\")\n.send({\n   \"name\" : USER_DATA.name,\n   \"job\" : USER_DATA.job\n});\nexpect (response.status).to.eql(201);\nexpect (response.body.name).to.eql(USER_DATA.name);\nexpect (response.body.job).to.eql(USER_DATA.job);",
              "err": {},
              "uuid": "1197a322-6e08-44c4-93db-9ed28524fa93",
              "parentUUID": "fdf6111e-1b37-4a97-a179-fef324e230cb",
              "isHook": false,
              "skipped": false
            }
          ],
          "suites": [],
          "passes": [
            "1197a322-6e08-44c4-93db-9ed28524fa93"
          ],
          "failures": [],
          "pending": [],
          "skipped": [],
          "duration": 1287,
          "root": false,
          "rootEmpty": false,
          "_timeout": 2000
        },
        {
          "uuid": "86071574-a065-42e9-a637-fd58fed8c871",
          "title": "GET/users",
          "fullFile": "D:\\API Automation Learning\\api\\test\\getUser.js",
          "file": "\\api\\test\\getUser.js",
          "beforeHooks": [],
          "afterHooks": [],
          "tests": [
            {
              "title": "returns all users",
              "fullTitle": "GET/users returns all users",
              "timedOut": false,
              "duration": 738,
              "state": "passed",
              "speed": "slow",
              "pass": true,
              "fail": false,
              "pending": false,
              "context": null,
              "code": "const response = await request.get(\"/users\");\nexpect (response.status).to.eql(200);\nexpect (response.body.data.length).to.eql(6);",
              "err": {},
              "uuid": "d39824b1-d69a-45a6-aadf-40c27d8940b6",
              "parentUUID": "86071574-a065-42e9-a637-fd58fed8c871",
              "isHook": false,
              "skipped": false
            }
          ],
          "suites": [],
          "passes": [
            "d39824b1-d69a-45a6-aadf-40c27d8940b6"
          ],
          "failures": [],
          "pending": [],
          "skipped": [],
          "duration": 738,
          "root": false,
          "rootEmpty": false,
          "_timeout": 2000
        },
        {
          "uuid": "2ff011fd-e3fb-4a26-97db-8b360b14e5e6",
          "title": "GET/users",
          "fullFile": "D:\\API Automation Learning\\api\\test\\getWithAuth.js",
          "file": "\\api\\test\\getWithAuth.js",
          "beforeHooks": [],
          "afterHooks": [],
          "tests": [
            {
              "title": "returns all users",
              "fullTitle": "GET/users returns all users",
              "timedOut": false,
              "duration": 777,
              "state": "passed",
              "speed": "slow",
              "pass": true,
              "fail": false,
              "pending": false,
              "context": null,
              "code": "const response = await request\n    .get(\"/users\")\n    .set({Authorization : \"Bearer 5a245cbb-1b29-4b0f-9cb6-1914cff94e0\"});\nexpect (response.status).to.eql(401);",
              "err": {},
              "uuid": "199e63b3-8a1e-4ce5-bc83-9a1a44f58300",
              "parentUUID": "2ff011fd-e3fb-4a26-97db-8b360b14e5e6",
              "isHook": false,
              "skipped": false
            }
          ],
          "suites": [],
          "passes": [
            "199e63b3-8a1e-4ce5-bc83-9a1a44f58300"
          ],
          "failures": [],
          "pending": [],
          "skipped": [],
          "duration": 777,
          "root": false,
          "rootEmpty": false,
          "_timeout": 2000
        }
      ],
      "passes": [],
      "failures": [],
      "pending": [],
      "skipped": [],
      "duration": 0,
      "root": true,
      "rootEmpty": true,
      "_timeout": 2000
    }
  ],
  "meta": {
    "mocha": {
      "version": "10.1.0"
    },
    "mochawesome": {
      "options": {
        "quiet": false,
        "reportFilename": "mochawesome",
        "saveHtml": true,
        "saveJson": true,
        "consoleReporter": "spec",
        "useInlineDiffs": false,
        "code": true
      },
      "version": "7.1.3"
    },
    "marge": {
      "options": null,
      "version": "6.2.0"
    }
  }
}